<?xml version="1.0" encoding="UTF-8"?>
<!-- Generated by org.testng.reporters.JUnitReportReporter -->
<testsuite hostname="DESKTOP-2L70A79" failures="0" tests="2" name="groupexecution.Test1" time="0.010" errors="0" timestamp="2023-08-18T08:55:22 IST" skipped="0">
  <testcase classname="groupexecution.Test1" name="demo2" time="0.008"/>
  <testcase classname="groupexecution.Test1" name="demo3" time="0.002"/>
</testsuite> <!-- groupexecution.Test1 -->
