<?xml version="1.0" encoding="UTF-8"?>
<!-- Generated by org.testng.reporters.JUnitReportReporter -->
<testsuite hostname="DESKTOP-2L70A79" failures="0" tests="2" name="dataproviders.ActitimeLoginTest" time="20.929" errors="0" timestamp="2023-08-08T08:53:00 IST" skipped="0">
  <testcase classname="dataproviders.ActitimeLoginTest" name="actitimeLogin" time="9.889"/>
  <testcase classname="dataproviders.ActitimeLoginTest" name="actitimeLogin" time="11.040"/>
</testsuite> <!-- dataproviders.ActitimeLoginTest -->
