<?xml version="1.0" encoding="UTF-8"?>
<!-- Generated by org.testng.reporters.JUnitReportReporter -->
<testsuite hostname="DESKTOP-2L70A79" failures="0" tests="1" name="vtigerFinalScripts.CreateContactTest" time="28.716" errors="0" timestamp="2023-08-24T08:27:56 IST" skipped="0">
  <testcase classname="vtigerFinalScripts.CreateContactTest" name="createContactTest" time="28.716"/>
</testsuite> <!-- vtigerFinalScripts.CreateContactTest -->
