<?xml version="1.0" encoding="UTF-8"?>
<!-- Generated by org.testng.reporters.JUnitReportReporter -->
<testsuite hostname="DESKTOP-2L70A79" failures="0" tests="6" name="testng.InvocationCountTest" time="0.013" errors="0" timestamp="2023-08-07T10:01:56 IST" skipped="0">
  <testcase classname="testng.InvocationCountTest" name="demo2" time="0.002">
    <system-out>
      <![CDATA[demo2]]>
    </system-out>
  </testcase> <!-- demo2 -->
  <testcase classname="testng.InvocationCountTest" name="demo1" time="0.002">
    <system-out>
      <![CDATA[demo1]]>
    </system-out>
  </testcase> <!-- demo1 -->
  <testcase classname="testng.InvocationCountTest" name="demo1" time="0.001">
    <system-out>
      <![CDATA[demo1]]>
    </system-out>
  </testcase> <!-- demo1 -->
  <testcase classname="testng.InvocationCountTest" name="demo1" time="0.000">
    <system-out>
      <![CDATA[demo1]]>
    </system-out>
  </testcase> <!-- demo1 -->
  <testcase classname="testng.InvocationCountTest" name="demo1" time="0.001">
    <system-out>
      <![CDATA[demo1]]>
    </system-out>
  </testcase> <!-- demo1 -->
  <testcase classname="testng.InvocationCountTest" name="demo1" time="0.007">
    <system-out>
      <![CDATA[demo1]]>
    </system-out>
  </testcase> <!-- demo1 -->
  <system-out>
    <![CDATA[demo1
demo1
demo1
demo1
demo1
demo2]]>
  </system-out>
</testsuite> <!-- testng.InvocationCountTest -->
