<?xml version="1.0" encoding="UTF-8"?>
<!-- Generated by org.testng.reporters.JUnitReportReporter -->
<testsuite hostname="DESKTOP-2L70A79" failures="0" tests="1" name="testng.SampleTest" time="0.005" errors="0" timestamp="2023-08-07T09:05:25 IST" skipped="0">
  <testcase classname="testng.SampleTest" name="demo" time="0.005">
    <system-out>
      <![CDATA[Hello World!]]>
    </system-out>
  </testcase> <!-- demo -->
  <system-out>
    <![CDATA[Hello World!]]>
  </system-out>
</testsuite> <!-- testng.SampleTest -->
