<?xml version="1.0" encoding="UTF-8"?>
<!-- Generated by org.testng.reporters.JUnitReportReporter -->
<testsuite hostname="DESKTOP-2L70A79" failures="0" tests="1" name="seleniumgrid.PracticeTest" time="6.206" errors="0" timestamp="2023-08-15T09:04:14 IST" skipped="0">
  <testcase classname="seleniumgrid.PracticeTest" name="googleTest" time="6.206"/>
</testsuite> <!-- seleniumgrid.PracticeTest -->
