<?xml version="1.0" encoding="UTF-8"?>
<!-- Generated by org.testng.reporters.JUnitReportReporter -->
<testsuite hostname="DESKTOP-2L70A79" failures="0" tests="3" name="crossbrowserparallel.SwiggyTest" time="6.260" errors="0" timestamp="2023-08-11T08:49:02 IST" skipped="0">
  <testcase classname="crossbrowserparallel.SwiggyTest" name="swiggyTest" time="2.277"/>
  <testcase classname="crossbrowserparallel.SwiggyTest" name="swiggyTest" time="2.217"/>
  <testcase classname="crossbrowserparallel.SwiggyTest" name="swiggyTest" time="1.766"/>
</testsuite> <!-- crossbrowserparallel.SwiggyTest -->
