<?xml version="1.0" encoding="UTF-8"?>
<!-- Generated by org.testng.reporters.JUnitReportReporter -->
<testsuite hostname="DESKTOP-2L70A79" failures="0" tests="2" name="batchexecution.Test3" time="0.003" errors="0" timestamp="2023-08-10T10:07:53 IST" skipped="0">
  <testcase classname="batchexecution.Test3" name="demo1" time="0.002"/>
  <testcase classname="batchexecution.Test3" name="demo2" time="0.001"/>
</testsuite> <!-- batchexecution.Test3 -->
