<?xml version="1.0" encoding="UTF-8"?>
<!-- Generated by org.testng.reporters.JUnitReportReporter -->
<testsuite hostname="DESKTOP-2L70A79" failures="0" tests="1" name="testng.XMLParameterization" time="4.379" errors="0" timestamp="2023-08-11T09:41:01 IST" skipped="0">
  <testcase classname="testng.XMLParameterization" name="vtigerLoginTest" time="4.379"/>
</testsuite> <!-- testng.XMLParameterization -->
