<?xml version="1.0" encoding="UTF-8"?>
<!-- Generated by org.testng.reporters.JUnitReportReporter -->
<testsuite hostname="DESKTOP-2L70A79" failures="0" tests="1" name="assertions.WhyNotIfElse" time="0.007" errors="0" timestamp="2023-08-16T08:38:18 IST" skipped="0">
  <testcase classname="assertions.WhyNotIfElse" name="demo" time="0.007"/>
</testsuite> <!-- assertions.WhyNotIfElse -->
