<?xml version="1.0" encoding="UTF-8"?>
<!-- Generated by org.testng.reporters.JUnitReportReporter -->
<testsuite hostname="DESKTOP-2L70A79" failures="0" tests="1" name="vtigerFinalScripts.DeleteLeadTest" time="7.056" errors="0" timestamp="2023-08-25T09:10:25 IST" skipped="0">
  <testcase classname="vtigerFinalScripts.DeleteLeadTest" name="deleteLeadTest" time="7.056"/>
</testsuite> <!-- vtigerFinalScripts.DeleteLeadTest -->
