<?xml version="1.0" encoding="UTF-8"?>
<!-- Generated by org.testng.reporters.JUnitReportReporter -->
<testsuite hostname="DESKTOP-2L70A79" failures="0" tests="1" name="annotations.TestClass" time="0.004" errors="0" timestamp="2023-08-09T09:48:42 IST" skipped="0">
  <testcase classname="annotations.TestClass" name="test" time="0.004"/>
</testsuite> <!-- annotations.TestClass -->
