<?xml version="1.0" encoding="UTF-8"?>
<!-- Generated by org.testng.reporters.JUnitReportReporter -->
<testsuite hostname="DESKTOP-2L70A79" failures="0" tests="3" name="crossbrowserparallel.GoogleTest" time="3.341" errors="0" timestamp="2023-08-11T08:49:02 IST" skipped="0">
  <testcase classname="crossbrowserparallel.GoogleTest" name="googleTest" time="1.238"/>
  <testcase classname="crossbrowserparallel.GoogleTest" name="googleTest" time="1.118"/>
  <testcase classname="crossbrowserparallel.GoogleTest" name="googleTest" time="0.985"/>
</testsuite> <!-- crossbrowserparallel.GoogleTest -->
