<?xml version="1.0" encoding="UTF-8"?>
<!-- Generated by org.testng.reporters.JUnitReportReporter -->
<testsuite hostname="DESKTOP-2L70A79" failures="0" tests="1" name="vtigerFinalScripts.CreateAndDuplicateLeadTest" time="11.859" errors="0" timestamp="2023-08-24T09:41:06 IST" skipped="0">
  <testcase classname="vtigerFinalScripts.CreateAndDuplicateLeadTest" name="createAndDuplicateLeadTest" time="11.859"/>
</testsuite> <!-- vtigerFinalScripts.CreateAndDuplicateLeadTest -->
