<?xml version="1.0" encoding="UTF-8"?>
<!-- Generated by org.testng.reporters.JUnitReportReporter -->
<testsuite hostname="DESKTOP-2L70A79" failures="0" tests="1" name="vtigerFinalScripts.CreateLeadTest" time="9.041" errors="0" timestamp="2023-08-25T09:10:09 IST" skipped="0">
  <testcase classname="vtigerFinalScripts.CreateLeadTest" name="createLeadTest" time="9.041"/>
</testsuite> <!-- vtigerFinalScripts.CreateLeadTest -->
