<?xml version="1.0" encoding="UTF-8"?>
<!-- Generated by org.testng.reporters.JUnitReportReporter -->
<testsuite hostname="DESKTOP-2L70A79" failures="0" tests="2" name="batchexecution.Test6" time="0.011" errors="0" timestamp="2023-08-10T10:07:53 IST" skipped="0">
  <testcase classname="batchexecution.Test6" name="demo1" time="0.010"/>
  <testcase classname="batchexecution.Test6" name="demo2" time="0.001"/>
</testsuite> <!-- batchexecution.Test6 -->
