<?xml version="1.0" encoding="UTF-8"?>
<!-- Generated by org.testng.reporters.JUnitReportReporter -->
<testsuite hostname="DESKTOP-2L70A79" failures="0" tests="1" name="vtigerFinalScripts.CreateEventTest" time="11.337" errors="0" timestamp="2023-08-25T10:08:44 IST" skipped="0">
  <testcase classname="vtigerFinalScripts.CreateEventTest" name="createEventTest" time="11.337"/>
</testsuite> <!-- vtigerFinalScripts.CreateEventTest -->
