<?xml version="1.0" encoding="UTF-8"?>
<!-- Generated by org.testng.reporters.JUnitReportReporter -->
<testsuite hostname="DESKTOP-2L70A79" failures="0" tests="1" name="groupexecution.Test3" time="0.001" errors="0" timestamp="2023-08-18T08:55:22 IST" skipped="0">
  <testcase classname="groupexecution.Test3" name="demo2" time="0.001"/>
</testsuite> <!-- groupexecution.Test3 -->
