<?xml version="1.0" encoding="UTF-8"?>
<!-- Generated by org.testng.reporters.JUnitReportReporter -->
<testsuite hostname="DESKTOP-2L70A79" failures="0" tests="1" name="vtigerFinalScripts.CreateOrganizationTest" time="27.630" errors="0" timestamp="2023-08-23T08:44:35 IST" skipped="0">
  <testcase classname="vtigerFinalScripts.CreateOrganizationTest" name="createOrgTest" time="27.630"/>
</testsuite> <!-- vtigerFinalScripts.CreateOrganizationTest -->
