<?xml version="1.0" encoding="UTF-8"?>
<!-- Generated by org.testng.reporters.JUnitReportReporter -->
<testsuite hostname="DESKTOP-2L70A79" failures="0" tests="1" name="vtigerFinalScripts.CreateContactWithOrgTest" time="10.639" errors="0" timestamp="2023-08-24T09:00:02 IST" skipped="0">
  <testcase classname="vtigerFinalScripts.CreateContactWithOrgTest" name="createContactWithOrgTest" time="10.639"/>
</testsuite> <!-- vtigerFinalScripts.CreateContactWithOrgTest -->
